<?xml version="1.0" encoding="UTF-8"?>
<Site BuildName="(empty)"
	BuildStamp="20251202-1955-Experimental"
	Name="zhangqingyang-ThinkPad-P53"
	Generator="ctest-3.22.1"
	CompilerName="/usr/bin/g++"
	CompilerVersion="11.4.0"
	OSName="Linux"
	Hostname="zhangqingyang-ThinkPad-P53"
	OSRelease="6.8.0-87-generic"
	OSVersion="#88~22.04.1-Ubuntu SMP PREEMPT_DYNAMIC Tue Oct 14 14:03:14 UTC 2"
	OSPlatform="x86_64"
	Is64Bits="1"
	VendorString="GenuineIntel"
	VendorID="Intel Corporation"
	FamilyID="6"
	ModelID="158"
	ProcessorCacheSize="12288"
	NumberOfLogicalCPU="12"
	NumberOfPhysicalCPU="6"
	TotalVirtualMemory="0"
	TotalPhysicalMemory="63917"
	LogicalProcessorsPerPhysical="2"
	ProcessorClockFrequency="4000.43"
	>
	<Testing>
		<StartDateTime>Dec 03 03:55 CST</StartDateTime>
		<StartTestTime>1764705333</StartTestTime>
		<TestList/>
		<EndDateTime>Dec 03 03:55 CST</EndDateTime>
		<EndTestTime>1764705333</EndTestTime>
		<ElapsedMinutes>0</ElapsedMinutes>
	</Testing>
</Site>
